<?xml version="1.0" encoding="UTF-8"?>
<testsuite xmlns:xsi="http://www.w3.org/2001/XMLSchema-instance" xsi:noNamespaceSchemaLocation="https://maven.apache.org/surefire/maven-surefire-plugin/xsd/surefire-test-report-3.0.xsd" version="3.0" name="br.com.ifba.conta.entity.ContaTest" time="0.208" tests="3" errors="0" skipped="0" failures="0">
  <properties>
[...]
</properties>
  <testcase name="testAdicionarTransacaoAumentaLista" classname="br.com.ifba.conta.entity.ContaTest" time="0.09"/>
  <testcase name="testGetTitularRetornaObjetoCorreto" classname="br.com.ifba.conta.entity.ContaTest" time="0.005"/>
  <testcase name="testContaNasceComSaldoCorreto" classname="br.com.ifba.conta.entity.ContaTest" time="0.003"/>
</testsuite>